
第 0 次迭代： [ 1.          1.          1.16666667 -0.0952381 ]
残差值为： [1.         1.         1.16666667 0.0952381 ]
当前最大残差为： 1.1666666666666665

第 1 次迭代： [ 1.33333333  1.30555556  1.2526455  -0.07067271]
残差值为： [0.33333333 0.30555556 0.08597884 0.02456538]
当前最大残差为： 0.33333333333333326

第 2 次迭代： [ 1.43518519  1.35383598  1.27283321 -0.0649048 ]
残差值为： [0.10185185 0.04828042 0.0201877  0.00576792]
当前最大残差为： 0.10185185185185186

第 3 次迭代： [ 1.45127866  1.36256509  1.27670423 -0.06379879]
残差值为： [0.01609347 0.00872911 0.00387102 0.00110601]
当前最大残差为： 0.016093474426807752

第 4 次迭代： [ 1.45418836  1.36418016  1.27742692 -0.06359231]
残差值为： [0.0029097  0.00161507 0.00072269 0.00020648]
当前最大残差为： 0.002909702975840478

第 5 次迭代： [ 1.45472672  1.36448006  1.2775613  -0.06355391]
残差值为： [5.38357122e-04 2.99900960e-04 1.34380868e-04 3.83945338e-05]
当前最大残差为： 0.0005383571221944106

第 6 次迭代： [ 1.45482669  1.36453578  1.27758627 -0.06354678]
残差值为： [9.99669866e-05 5.57191403e-05 2.49721357e-05 7.13489592e-06]
当前最大残差为： 9.996698662972925e-05

第 7 次迭代： [ 1.45484526  1.36454613  1.27759091 -0.06354545]
残差值为： [1.85730468e-05 1.03530382e-05 4.64016205e-06 1.32576059e-06]
当前最大残差为： 1.857304675301208e-05

第 8 次迭代： [ 1.45484871  1.36454806  1.27759178 -0.06354521]
残差值为： [3.45101273e-06 1.92369792e-06 8.62192738e-07 2.46340782e-07]
当前最大残差为： 3.45101273468984e-06
计算收敛!
