
第 0 次迭代： [ 1.          0.66666667  0.83333333 -0.42857143]
残差值为： [1.         0.66666667 0.83333333 0.42857143]
当前最大残差为： 1.0

第 1 次迭代： [ 1.22222222  1.13888889  0.98412698 -0.19047619]
残差值为： [0.22222222 0.47222222 0.15079365 0.23809524]
当前最大残差为： 0.4722222222222222

第 2 次迭代： [ 1.37962963  1.23809524  1.18121693 -0.14739229]
残差值为： [0.15740741 0.09920635 0.19708995 0.0430839 ]
当前最大残差为： 0.1970899470899471

第 3 次迭代： [ 1.41269841  1.3234127   1.22146636 -0.09108088]
残差值为： [0.03306878 0.08531746 0.04024943 0.05631141]
当前最大残差为： 0.08531746031746001

第 4 次迭代： [ 1.44113757  1.34114386  1.25929075 -0.07958104]
残差值为： [0.02843915 0.01773117 0.03782439 0.01149984]
当前最大残差为： 0.03782438901486507

第 5 次迭代： [ 1.44704795  1.35692765  1.26711778 -0.06877407]
残差值为： [0.00591039 0.01578378 0.00782703 0.01080697]
当前最大残差为： 0.015783782648862044

第 6 次迭代： [ 1.45230922  1.36020228  1.2741802  -0.06653778]
残差值为： [0.00526126 0.00327463 0.00706242 0.00223629]
当前最大残差为： 0.007062422264614288

第 7 次迭代： [ 1.45340076  1.36313311  1.27564446 -0.06451994]
残差值为： [0.00109154 0.00293082 0.00146426 0.00201783]
当前最大残差为： 0.0029308240050869294

第 8 次迭代： [ 1.4543777   1.363741    1.27695771 -0.06410158]
残差值为： [0.00097694 0.00060789 0.00131325 0.00041836]
当前最大残差为： 0.0013132471571535298

第 9 次迭代： [ 1.45458033  1.36428552  1.27723007 -0.06372637]
残差值为： [0.00020263 0.00054452 0.00027236 0.00037521]
当前最大残差为： 0.0005445216378685558

第 10 次迭代： [ 1.45476184  1.36439846  1.27747411 -0.06364855]
残差值为： [1.81507213e-04 1.12936393e-04 2.44042792e-04 7.78163553e-05]
当前最大残差为： 0.00024404279153489306

第 11 次迭代： [ 1.45479949  1.36449963  1.27752473 -0.06357883]
残差值为： [3.76454642e-05 1.01176203e-04 5.06148568e-05 6.97265119e-05]
当前最大残差为： 0.00010117620279692652

第 12 次迭代： [ 1.45483321  1.36452062  1.27757007 -0.06356436]
残差值为： [3.37254009e-05 2.09842975e-05 4.53464862e-05 1.44613876e-05]
当前最大残差为： 4.5346486243325046e-05

第 13 次迭代： [ 1.45484021  1.36453942  1.27757948 -0.06355141]
残差值为： [6.99476585e-06 1.87995480e-05 9.40499712e-06 1.29561389e-05]
当前最大残差为： 1.8799548017867096e-05

第 14 次迭代： [ 1.45484647  1.36454331  1.2775879  -0.06354872]
残差值为： [6.26651601e-06 3.89908814e-06 8.42587249e-06 2.68714203e-06]
当前最大残差为： 8.425872493722508e-06
计算收敛!
