========== 迭代结果 ==========

第 1 次迭代
fx误差： -74.0   区间长度残差： 6   方程的近似根： 2.0

第 2 次迭代
fx误差： -376.015625   区间长度残差： 3.0   方程的近似根： 3.5

第 3 次迭代
fx误差： -101.094482421875   区间长度残差： 1.5   方程的近似根： 4.25

第 4 次迭代
fx误差： 540.6701698303223   区间长度残差： 0.75   方程的近似根： 4.625

第 5 次迭代
fx误差： 155.99366575479507   区间长度残差： 0.375   方程的近似根： 4.4375

第 6 次迭代
fx误差： 13.480233260430396   区间长度残差： 0.1875   方程的近似根： 4.34375

第 7 次迭代
fx误差： -47.07056327453756   区间长度残差： 0.09375   方程的近似根： 4.296875

第 8 次迭代
fx误差： -17.638840857183823   区间长度残差： 0.046875   方程的近似根： 4.3203125

第 9 次迭代
fx误差： -2.293768594850917   区间长度残差： 0.0234375   方程的近似根： 4.33203125

第 10 次迭代
fx误差： 5.539168558259917   区间长度残差： 0.01171875   方程的近似根： 4.337890625

第 11 次迭代
fx误差： 1.6092401799069194   区间长度残差： 0.005859375   方程的近似根： 4.3349609375

第 12 次迭代
fx误差： -0.34562215727396506   区间长度残差： 0.0029296875   方程的近似根： 4.33349609375

第 13 次迭代
fx误差： 0.6309686495474125   区间长度残差： 0.00146484375   方程的近似根： 4.334228515625

第 14 次迭代
fx误差： 0.1424632650314379   区间长度残差： 0.000732421875   方程的近似根： 4.3338623046875

第 15 次迭代
fx误差： -0.10163192773302399   区间长度残差： 0.0003662109375   方程的近似根： 4.33367919921875

第 16 次迭代
fx误差： 0.02040254653755369   区间长度残差： 0.00018310546875   方程的近似根： 4.333770751953125

第 17 次迭代
fx误差： -0.04061797091225117   区间长度残差： 9.1552734375e-05   方程的近似根： 4.3337249755859375

第 18 次迭代
fx误差： -0.010108532291880579   区间长度残差： 4.57763671875e-05   方程的近似根： 4.333747863769531

第 19 次迭代
fx误差： 0.005146802092895086   区间长度残差： 2.288818359375e-05   方程的近似根： 4.333759307861328

第 20 次迭代
fx误差： -0.002480916355935392   区间长度残差： 1.1444091796875e-05   方程的近似根： 4.33375358581543

第 21 次迭代
fx误差： 0.0013329300541471412   区间长度残差： 5.7220458984375e-06   方程的近似根： 4.333756446838379

第 22 次迭代
fx误差： -0.0005739963551576466   区间长度残差： 2.86102294921875e-06   方程的近似根： 4.333755016326904

第 23 次迭代
fx误差： 0.0003794660490257229   区间长度残差： 1.430511474609375e-06   方程的近似根： 4.333755731582642

第 24 次迭代
fx误差： -9.72653531476908e-05   区间长度残差： 7.152557373046875e-07   方程的近似根： 4.333755373954773

第 25 次迭代
fx误差： 0.00014110029704283988   区间长度残差： 3.5762786865234375e-07   方程的近似根： 4.333755552768707

第 26 次迭代
fx误差： 2.191745987545346e-05   区间长度残差： 1.7881393432617188e-07   方程的近似根： 4.33375546336174

第 27 次迭代
fx误差： -3.7673949961458675e-05   区间长度残差： 8.940696716308594e-08   方程的近似根： 4.3337554186582565

第 28 次迭代
fx误差： -7.878245966708164e-06   区间长度残差： 4.470348358154297e-08   方程的近似根： 4.333755441009998

第 29 次迭代
fx误差： 7.019606059088801e-06   区间长度残差： 2.2351741790771484e-08   方程的近似根： 4.333755452185869

第 30 次迭代
fx误差： -4.2932030908104934e-07   区间长度残差： 1.1175870895385742e-08   方程的近似根： 4.333755446597934

第 31 次迭代
fx误差： 3.2951435429140474e-06   区间长度残差： 5.587935447692871e-09   方程的近似根： 4.3337554493919015
计算收敛！
