========== 迭代结果 ==========

第 1 次迭代
fx误差： -74.0000000000000   区间长度残差： 1e-08   方程的近似根： 2.0

第 2 次迭代
fx误差： -28.5845214680338   区间长度残差： 0.611570247933884   方程的近似根： 1.38842975206612

第 3 次迭代
fx误差： -18.0599979217350   区间长度残差： 0.783504907153050   方程的近似根： 0.604924844913066

第 4 次迭代
fx误差： 980668772.837024   区间长度残差： 31.3289723346223   方程的近似根： -30.7240474897092

第 5 次迭代
fx误差： 328339768.584893   区间长度残差： 5.24741744604453   方程的近似根： -25.4766300436647

第 6 次迭代
fx误差： 109920791.898349   区间长度残差： 4.37061514249984   方程的近似根： -21.1060149011648

第 7 次迭代
fx误差： 36793763.2437193   区间长度残差： 3.63957387321867   方程的近似根： -17.4664410279461

第 8 次迭代
fx误差： 12313542.0013143   区间长度残差： 3.02994957883546   方程的近似根： -14.4364914491107

第 9 次迭代
fx误差： 4119777.78646842   区间长度残差： 2.52145034001629   方程的近似根： -11.9150411090944

第 10 次迭代
fx误差： 1377848.27902007   区间长度残差： 2.09715843528098   方程的近似根： -9.81788267381342

第 11 次迭代
fx误差： 460575.582014566   区间长度残差： 1.74296167643881   方程的近似根： -8.07492099737461

第 12 次迭代
fx误差： 153841.716981335   区间长度残差： 1.44707169810489   方程的近似根： -6.62784929926972

第 13 次迭代
fx误差： 51328.6878414309   区间长度残差： 1.19960634225099   方程的近似根： -5.42824295701873

第 14 次迭代
fx误差： 17094.9245938948   区间长度残差： 0.992208105920277   方程的近似根： -4.43603485109846

第 15 次迭代
fx误差： 5675.49293445166   区间长度残差： 0.817656075726959   方程的近似根： -3.61837877537150

第 16 次迭代
fx误差： 1872.57689519900   区间长度残差： 0.669395781768957   方程的近似根： -2.94898299360254

第 17 次迭代
fx误差： 609.415857764403   区间长度残差： 0.540851288974135   方程的近似根： -2.40813170462840

第 18 次迭代
fx误差： 191.785832964784   区间长度残差： 0.424350765862550   方程的近似根： -1.98378093876585

第 19 次迭代
fx误差： 55.1967682379287   区间长度残差： 0.310018989047797   方程的近似根： -1.67376194971806

第 20 次迭代
fx误差： 12.3190958385636   区间长度残差： 0.188735876733277   方程的近似根： -1.48502607298478

第 21 次迭代
fx误差： 1.32282496710878   区间长度残差： 0.0725462798565164   方程的近似根： -1.41247979312826

第 22 次迭代
fx误差： 0.0216925235976497   区间长度残差： 0.00984973734020245   方程的近似根： -1.40263005578806

第 23 次迭代
fx误差： 6.13980853100249e-6   区间长度残差： 0.000166978077571267   方程的近似根： -1.40246307771049

第 24 次迭代
fx误差： 4.89643426859968e-13   区间长度残差： 4.72879082558109e-8   方程的近似根： -1.40246303042258
计算收敛！

不满足二阶导数不变号的条件...<<<全局不收敛...
满足一阶导数不为零的条件...
满足区间端点方程值乘积小于零的条件...
