========== 迭代结果 ==========

第 1 次迭代
fx误差： -376.015625   区间长度残差： 2.75   方程的近似根： 3.5

第 2 次迭代
fx误差： -381.6219840154001   区间长度残差： 0.11026263925088742   方程的近似根： 3.6102626392508874

第 3 次迭代
fx误差： -377.89978194896986   区间长度残差： 0.09695500330696527   方程的近似根： 3.7072176425578527

第 4 次迭代
fx误差： -366.3949973357704   区间长度残差： 0.08493112246964207   方程的近似根： 3.7921487650274948

第 5 次迭代
fx误差： -348.86255609393885   区间长度残差： 0.07414962753486387   方程的近似根： 3.8662983925623586

第 6 次迭代
fx误差： -327.04776803536504   区间长度残差： 0.06454701587213574   方程的近似根： 3.9308454084344944

第 7 次迭代
fx误差： -302.54011633724116   区间长度残差： 0.05604443697122985   方程的近似根： 3.986889845405724

第 8 次迭代
fx误差： -276.69231438490556   区间长度残差： 0.048554004815815066   方程的近似根： 4.035443850221539

第 9 次迭代
fx误差： -250.59020683068414   区间长度残差： 0.041984019172465636   方程的近似根： 4.077427869394005

第 10 次迭代
fx误差： -225.05765349562432   区间长度残差： 0.03624296218922041   方程的近似根： 4.113670831583225

第 11 次迭代
fx误差： -200.68240113250877   区间长度残差： 0.031242360457792273   方程的近似根： 4.144913192041018

第 12 次迭代
fx误差： -177.85215347115113   区间长度残差： 0.026898691061239433   方程的近似根： 4.171811883102257

第 13 次迭代
fx误差： -156.79337704860018   区间长度残差： 0.023134529591280817   方程的近似根： 4.194946412693538

第 14 次迭代
fx误差： -137.60822098331124   区间长度残差： 0.019879124691382977   方程的近似根： 4.214825537384921

第 15 次迭代
fx误差： -120.30707882891201   区间长度残差： 0.017068556797485535   方程的近似根： 4.231894094182406

第 16 次迭代
fx误差： -104.83579998494751   区间长度残差： 0.014645608591858483   方程的近似根： 4.246539702774265

第 17 次迭代
fx误差： -91.0974857113367   区间长度残差： 0.012559446251430906   方程的近似根： 4.259099149025696

第 18 次迭代
fx误差： -78.96932376113895   区间长度残差： 0.010765185980956993   方程的近似根： 4.269864335006653

第 19 次迭代
fx误差： -68.31515625104785   区间长度残差： 0.009223400155815575   方程的近似根： 4.279087735162468

第 20 次迭代
fx误差： -58.99454090704586   区间长度残差： 0.007899601469751438   方程的近似根： 4.28698733663222

第 21 次迭代
fx误差： -50.869031038630084   区间长度残差： 0.006763731260718053   方程的近似根： 4.293751067892938

第 22 次迭代
fx误差： -43.80631485706501   区间长度残差： 0.005789669040234813   方程的近似根： 4.299540736933173

第 23 次迭代
fx误差： -37.682751685043804   区间长度残差： 0.004954773561197001   方程的近似根： 4.30449551049437

第 24 次迭代
fx误差： -32.38473955975965   区间长度残差： 0.004239460979339249   方程的近似根： 4.308734971473709

第 25 次迭代
fx误差： -27.809255235143105   区间长度残差： 0.003626822336653568   方程的近似根： 4.312361793810362

第 26 次迭代
fx误差： -23.863827644282168   区间长度残差： 0.003102280351709119   方程的近似根： 4.315464074162072

第 27 次迭代
fx误差： -20.46614026287525   区间长度残差： 0.0026532840520738787   方程的近似根： 4.318117358214145

第 28 次迭代
fx误差： -17.54340557230239   区间长度残差： 0.002269038904861631   方程的近似根： 4.320386397119007

第 29 次迭代
fx误差： -15.03161422849594   区间长度残差： 0.0019402696247761142   方程的近似根： 4.322326666743783

第 30 次迭代
fx误差： -12.874730644308695   区间长度残差： 0.0016590126394184779   方程的近似根： 4.323985679383202

第 31 次迭代
fx误差： -11.02388360194125   区间长度残差： 0.0014184351776318493   方程的近似根： 4.3254041145608335

第 32 次迭代
fx误差： -9.43658355481783   区间长度残差： 0.0012126780518837421   方程的近似根： 4.326616792612717

第 33 次迭代
fx误差： -8.075986044630117   区间长度残差： 0.001036719383012752   方程的近似根： 4.32765351199573

第 34 次迭代
fx误差： -6.910212001396964   区间长度残差： 0.0008862567323326687   方程的近似根： 4.328539768728063

第 35 次迭代
fx误差： -5.911729702885992   区间长度残差： 0.0007576053393867355   方程的近似根： 4.329297374067449

第 36 次迭代
fx误差： -5.056799137763456   区间长度残差： 0.0006476103987322901   方程的近似根： 4.329944984466182

第 37 次迭代
fx误差： -4.324976904618666   区间长度残差： 0.0005535715364155536   方程的近似根： 4.330498556002597

第 38 次迭代
fx误差： -3.6986781798058495   区间长度残差： 0.00047317786039435816   方程的近似根： 4.330971733862992

第 39 次迭代
fx误差： -3.162791398237104   区间长度残差： 0.00040445215606688123   方程的近似根： 4.3313761860190585

第 40 次迭代
fx误差： -2.7043408906126345   区间长度残差： 0.00034570297681302264   方程的近似根： 4.3317218889958715

第 41 次迭代
fx误差： -2.3121926463235134   区间长度残差： 0.0002954835399764377   方程的近似根： 4.332017372535848

第 42 次迭代
fx误差： -1.9767985077478336   区间长度残差： 0.0002525564815272219   方程的近似根： 4.332269929017375

第 43 次迭代
fx误差： -1.6899743666242273   区间长度残差： 0.00021586364891312826   方程的近似根： 4.332485792666288

第 44 次迭代
fx误差： -1.4447082695830815   区间长度残差： 0.00018450022250338094   方程的近似根： 4.332670292888792

第 45 次迭代
fx误差： -1.2349947086474238   区间长度残差： 0.00015769255310082997   方程的近似根： 4.3328279854418925

第 46 次迭代
fx误差： -1.055691747620962   区间长度残差： 0.00013477918755544493   方程的近似根： 4.332962764629448

第 47 次迭代
fx误差： -0.9023980000172358   区间长度残差： 0.00011519462798048608   方程的近似根： 4.3330779592574284

第 48 次迭代
fx误差： -0.7713468184050214   区间长度残差： 9.845543375863741e-05   方程的近似根： 4.333176414691187

第 49 次迭代
fx误差： -0.6593153731028281   区间长度残差： 8.414833058001392e-05   方程的近似根： 4.333260563021767

第 50 次迭代
fx误差： -0.5635465875802836   区间长度残差： 7.192003827150018e-05   方程的近似根： 4.333332483060039

第 51 次迭代
fx误差： -0.48168215807044135   区间长度残差： 6.146857014499574e-05   方程的近似根： 4.333393951630184

第 52 次迭代
fx误差： -0.4117051167397179   区间长度残差： 5.253579184838486e-05   方程的近似根： 4.333446487422032

第 53 次迭代
fx误差： -0.35189060278773354   区间长度残差： 4.4901058015689443e-05   方程的近似根： 4.333491388480048

第 54 次迭代
fx误差： -0.30076368616134275   区间长度残差： 3.837577105958445e-05   方程的近似根： 4.333529764251107

第 55 次迭代
fx误差： -0.25706324633354427   区间长度残差： 3.279872881378765e-05   方程的近似根： 4.333562562979921

第 56 次迭代
fx误差： -0.21971104625924553   区间长度残差： 2.8032146889067633e-05   方程的近似根： 4.33359059512681

第 57 次迭代
fx误差： -0.18778526111432114   区间长度残差： 2.395825808765295e-05   方程的近似根： 4.333614553384898

第 58 次迭代
fx误差： -0.16049782511994337   区间长度残差： 2.0476405271807607e-05   方程的近似根： 4.33363502979017

第 59 次迭代
fx误差： -0.1371750493847479   区间长度残差： 1.7500556189098404e-05   方程的近似根： 4.333652530346359

第 60 次迭代
fx误差： -0.11724104112862932   区间长度残差： 1.495717906419003e-05   方程的近似根： 4.333667487525423

第 61 次迭代
fx误差： -0.1002035212842749   区间长度残差： 1.2783426659446206e-05   方程的近似根： 4.333680270952082

第 62 次迭代
fx误差： -0.08564169503364027   区间长度残差： 1.0925584022380974e-05   方程的近似根： 4.333691196536105

第 63 次迭代
fx误差： -0.0731958790759748   区间长度残差： 9.337741682102774e-06   方程的近似根： 4.333700534277787

第 64 次迭代
fx误差： -0.06255863202944312   区间长度残差： 7.980661550277546e-06   方程的近似根： 4.333708514939337

第 65 次迭代
fx误差： -0.053467170625552285   区间长度残差： 6.820807572971432e-06   方程的近似根： 4.33371533574691

第 66 次迭代
fx误差： -0.04569688574609643   区间长度残差： 5.829517192523781e-06   方程的近似根： 4.333721165264103

第 67 次迭代
fx误差： -0.03905579907013035   区间长度残差： 4.982293180688657e-06   方程的近似根： 4.333726147557283

第 68 次迭代
fx误差： -0.033379824115982615   区间长度残差： 4.258198363693566e-06   方程的近似根： 4.333730405755647

第 69 次迭代
fx误差： -0.028528715081904465   区间长度残差： 3.639338286731686e-06   方程的近似根： 4.333734045093934

第 70 次迭代
fx误差： -0.02438260379090451   区间长度残差： 3.110419049434654e-06   方程的近似根： 4.333737155512983

第 71 次迭代
fx误差： -0.020839039453427688   区间长度残差： 2.658369390395876e-06   方程的近似根： 4.3337398138823735

第 72 次迭代
fx误差： -0.017810458288909814   区间长度残差： 2.2720176859891694e-06   方程的近似根： 4.3337420859000595

第 73 次迭代
fx误差： -0.01522202063720357   区间长度残差： 1.9418158867523516e-06   方程的近似根： 4.333744027715946

第 74 次迭代
fx误差： -0.013009762228783472   区间长度残差： 1.6596035656846198e-06   方程的近似根： 4.333745687319512

第 75 次迭代
fx误差： -0.011119013982913373   区间长度残差： 1.4184062662181418e-06   方程的近似根： 4.333747105725778

第 76 次迭代
fx误差： -0.009503051378878524   区间长度残差： 1.212263136984859e-06   方程的近似根： 4.333748317988915

第 77 次迭代
fx误差： -0.008121940042197906   区间长度残差： 1.036079633642828e-06   方程的近似根： 4.333749354068549

第 78 次迭代
fx误差： -0.006941549038703698   区间长度残差： 8.855016133679783e-07   方程的近似根： 4.333750239570162

第 79 次迭代
fx误差： -0.005932707550893923   区间长度残差： 7.568077355912806e-07   方程的近似根： 4.333750996377898

第 80 次迭代
fx误差： -0.005070484076806991   区间长度残差： 6.468174911233859e-07   方程的近似根： 4.333751643195389

第 81 次迭代
fx误差： -0.004333570366952699   区间长度残差： 5.528126054699101e-07   方程的近似根： 4.333752196007994

第 82 次迭代
fx误差： -0.0037037548837233203   区间长度残差： 4.7246986145665915e-07   方程的近似根： 4.333752668477856

第 83 次迭代
fx误差： -0.0031654727772334468   区间长度残差： 4.0380368204750994e-07   方程的近似根： 4.333753072281538

第 84 次迭代
fx误差： -0.0027054212435011493   区间长度残差： 3.451170638157919e-07   方程的近似根： 4.333753417398602

第 85 次迭代
fx误差： -0.0023122307908174378   区间长度残差： 2.9495963360659516e-07   方程的近似根： 4.333753712358235

第 86 次迭代
fx误差： -0.0019761842820891218   区间长度残差： 2.5209180787300056e-07   方程的近似根： 4.333753964450043

第 87 次迭代
fx误差： -0.0016889767858927485   区间长度残差： 2.1545415584967031e-07   方程的近似根： 4.333754179904199

第 88 次迭代
fx误差： -0.0014435103508247948   区间长度残差： 1.8414121960574903e-07   方程的近似根： 4.333754364045419

第 89 次迭代
fx误差： -0.0012337185921822424   区间长度残差： 1.573791346132225e-07   方程的近似根： 4.333754521424553

第 90 次迭代
fx误差： -0.0010544167676727056   区间长度残差： 1.3450650460100633e-07   方程的近似根： 4.333754655931058

第 91 次迭代
fx误差： -0.0009011736540571746   区间长度残差： 1.1495805729566655e-07   方程的近似根： 4.333754770889115

第 92 次迭代
fx误差： -0.000770202032374101   区间长度残差： 9.825067603941307e-08   方程的近似根： 4.333754869139791

第 93 次迭代
fx误差： -0.0006582650942590362   区间长度残差： 8.397145379035464e-08   方程的近似根： 4.333754953111245

第 94 次迭代
fx误差： -0.0005625964483400026   区间长度残差： 7.176749683424077e-08   方程的近似根： 4.333755024878742

第 95 次迭代
fx误差： -0.000480831752661004   区间长度残差： 6.133719754330968e-08   方程的近似根： 4.333755086215939

第 96 次迭代
fx误差： -0.0004109502848024249   区间长度残差： 5.242278078299023e-08   方程的近似根： 4.33375513863872

第 97 次迭代
fx误差： -0.00035122500676010304   区间长度残差： 4.480393656081105e-08   方程的近似根： 4.333755183442657

第 98 次迭代
fx误差： -0.00030017987372588095   区间长度残差： 3.8292374604509405e-08   方程的近似根： 4.333755221735031

第 99 次迭代
fx误差： -0.0002565533602947312   区间长度残差： 3.272716764257666e-08   方程的近似根： 4.333755254462199

第 100 次迭代
fx误差： -0.0002192672862975087   区间长度残差： 2.7970777694008575e-08   方程的近似根： 4.333755282432977

第 101 次迭代
fx误差： -0.00018740016789564606   区间长度残差： 2.3905655233136258e-08   方程的近似根： 4.333755306338632

第 102 次迭代
fx误差： -0.0001601644435709204   区间长度残差： 2.043133662255059e-08   方程的近似根： 4.333755326769968

第 103 次迭代
fx误差： -0.00013688700966696388   区间长度残差： 1.7461956325348638e-08   方程的近似根： 4.333755344231925

第 104 次迭代
fx误差： -0.00011699259375674842   区间长度残差： 1.49241294877811e-08   方程的近似根： 4.333755359156054

第 105 次迭代
fx误差： -9.998952323186927e-05   区间长度残差： 1.2755137390740856e-08   方程的近似根： 4.333755371911192

第 106 次迭代
fx误差： -8.545758676703485e-05   区间长度残差： 1.090137491388532e-08   方程的近似根： 4.333755382812567

第 107 次迭代
fx误差： -7.303764176214145e-05   区间长度残差： 9.317028037969521e-09   方程的近似根： 4.333755392129595
计算收敛！
